<?xml version="1.0" encoding="UTF-8"?>
<!-- Generated by org.testng.reporters.JUnitXMLReporter -->
<testsuite ignored="0" hostname="Ivankas-MacBook-Pro.local" failures="1" tests="6" name="Test" time="169.046" errors="0" timestamp="2020-01-12T13:17:31 CST">
  <testcase classname="com.class02.SoftAssertionDemo" name="logoAndLogin" time="14.685">
    <failure type="java.lang.AssertionError" message="The following asserts failed:
	Logo is NOT displayed did not expect to find [true] but found [false]">
      <![CDATA[java.lang.AssertionError: The following asserts failed:
Logo is NOT displayed did not expect to find [true] but found [false]
at com.class02.SoftAssertionDemo.logoAndLogin(SoftAssertionDemo.java:42)
at java.base/java.util.ArrayList.forEach(ArrayList.java:1507)
... Removed 29 stack frames]]>
    </failure>
  </testcase> <!-- logoAndLogin -->
  <testcase classname="com.class02.AssertionsDemo" name="logoValidation" time="0.037"/>
  <testcase classname="com.class02.AssertionsDemo" name="titleValidation" time="0.008"/>
  <testcase classname="com.class01.TitleLogoAndLoginVerification" name="logoValidation" time="0.052"/>
  <testcase classname="com.class01.TitleLogoAndLoginVerification" name="titleValidation" time="0.005"/>
  <testcase classname="com.class01.TitleLogoAndLoginVerification" name="validLogin" time="11.136"/>
</testsuite> <!-- Test -->
