<?xml version="1.0" encoding="UTF-8"?>
<testng-results ignored="3" total="5" passed="1" failed="1" skipped="0">
  <reporter-output>
  </reporter-output>
  <suite started-at="2020-01-16T20:37:46 CST" name="Regression Suite" finished-at="2020-01-16T20:37:52 CST" duration-ms="5628">
    <groups>
      <group name="regression">
        <method signature="LoginAndTitle.logoValidation()[pri:0, instance:com.class04.LoginAndTitle@e50a6f6]" name="logoValidation" class="com.class04.LoginAndTitle"/>
        <method signature="LoginAndTitle.titleValidation()[pri:0, instance:com.class04.LoginAndTitle@e50a6f6]" name="titleValidation" class="com.class04.LoginAndTitle"/>
      </group> <!-- regression -->
    </groups>
    <test started-at="2020-01-16T20:37:46 CST" name="Regression Test" finished-at="2020-01-16T20:37:52 CST" duration-ms="5628">
      <class name="com.class04.LoginAndTitle">
        <test-method is-config="true" signature="openAndNavigate()[pri:0, instance:com.class04.LoginAndTitle@e50a6f6]" started-at="2020-01-16T20:37:46 CST" name="openAndNavigate" finished-at="2020-01-16T20:37:49 CST" duration-ms="2285" status="PASS">
          <reporter-output>
          </reporter-output>
        </test-method> <!-- openAndNavigate -->
        <test-method signature="logoValidation()[pri:0, instance:com.class04.LoginAndTitle@e50a6f6]" started-at="2020-01-16T20:37:49 CST" name="logoValidation" finished-at="2020-01-16T20:37:49 CST" duration-ms="59" status="PASS">
          <reporter-output>
          </reporter-output>
        </test-method> <!-- logoValidation -->
        <test-method is-config="true" signature="closeBrowser()[pri:0, instance:com.class04.LoginAndTitle@e50a6f6]" started-at="2020-01-16T20:37:49 CST" name="closeBrowser" finished-at="2020-01-16T20:37:49 CST" duration-ms="82" status="PASS">
          <reporter-output>
          </reporter-output>
        </test-method> <!-- closeBrowser -->
        <test-method is-config="true" signature="openAndNavigate()[pri:0, instance:com.class04.LoginAndTitle@e50a6f6]" started-at="2020-01-16T20:37:49 CST" name="openAndNavigate" finished-at="2020-01-16T20:37:51 CST" duration-ms="1910" status="PASS">
          <reporter-output>
          </reporter-output>
        </test-method> <!-- openAndNavigate -->
        <test-method signature="titleValidation()[pri:0, instance:com.class04.LoginAndTitle@e50a6f6]" started-at="2020-01-16T20:37:51 CST" name="titleValidation" finished-at="2020-01-16T20:37:51 CST" duration-ms="9" status="FAIL">
          <exception class="java.lang.AssertionError">
            <message>
              <![CDATA[Titles are match expected [Human Management Systems] but found [Human Management System]]]>
            </message>
            <full-stacktrace>
              <![CDATA[java.lang.AssertionError: Titles are match expected [Human Management Systems] but found [Human Management System]
at org.testng.Assert.fail(Assert.java:97)
at org.testng.Assert.assertEqualsImpl(Assert.java:136)
at org.testng.Assert.assertEquals(Assert.java:118)
at org.testng.Assert.assertEquals(Assert.java:575)
at com.class04.LoginAndTitle.titleValidation(LoginAndTitle.java:25)
at java.base/jdk.internal.reflect.NativeMethodAccessorImpl.invoke0(Native Method)
at java.base/jdk.internal.reflect.NativeMethodAccessorImpl.invoke(NativeMethodAccessorImpl.java:62)
at java.base/jdk.internal.reflect.DelegatingMethodAccessorImpl.invoke(DelegatingMethodAccessorImpl.java:43)
at java.base/java.lang.reflect.Method.invoke(Method.java:567)
at org.testng.internal.MethodInvocationHelper.invokeMethod(MethodInvocationHelper.java:133)
at org.testng.internal.TestInvoker.invokeMethod(TestInvoker.java:584)
at org.testng.internal.TestInvoker.invokeTestMethod(TestInvoker.java:172)
at org.testng.internal.MethodRunner.runInSequence(MethodRunner.java:46)
at org.testng.internal.TestInvoker$MethodInvocationAgent.invoke(TestInvoker.java:804)
at org.testng.internal.TestInvoker.invokeTestMethods(TestInvoker.java:145)
at org.testng.internal.TestMethodWorker.invokeTestMethods(TestMethodWorker.java:146)
at org.testng.internal.TestMethodWorker.run(TestMethodWorker.java:128)
at java.base/java.util.ArrayList.forEach(ArrayList.java:1507)
at org.testng.TestRunner.privateRun(TestRunner.java:770)
at org.testng.TestRunner.run(TestRunner.java:591)
at org.testng.SuiteRunner.runTest(SuiteRunner.java:402)
at org.testng.SuiteRunner.runSequentially(SuiteRunner.java:396)
at org.testng.SuiteRunner.privateRun(SuiteRunner.java:355)
at org.testng.SuiteRunner.run(SuiteRunner.java:304)
at org.testng.SuiteRunnerWorker.runSuite(SuiteRunnerWorker.java:53)
at org.testng.SuiteRunnerWorker.run(SuiteRunnerWorker.java:96)
at org.testng.TestNG.runSuitesSequentially(TestNG.java:1180)
at org.testng.TestNG.runSuitesLocally(TestNG.java:1102)
at org.testng.TestNG.runSuites(TestNG.java:1032)
at org.testng.TestNG.run(TestNG.java:1000)
at org.testng.remote.AbstractRemoteTestNG.run(AbstractRemoteTestNG.java:115)
at org.testng.remote.RemoteTestNG.initAndRun(RemoteTestNG.java:251)
at org.testng.remote.RemoteTestNG.main(RemoteTestNG.java:77)
]]>
            </full-stacktrace>
          </exception> <!-- java.lang.AssertionError -->
          <reporter-output>
          </reporter-output>
        </test-method> <!-- titleValidation -->
        <test-method is-config="true" signature="closeBrowser()[pri:0, instance:com.class04.LoginAndTitle@e50a6f6]" started-at="2020-01-16T20:37:52 CST" name="closeBrowser" finished-at="2020-01-16T20:37:52 CST" duration-ms="80" status="PASS">
          <reporter-output>
          </reporter-output>
        </test-method> <!-- closeBrowser -->
      </class> <!-- com.class04.LoginAndTitle -->
    </test> <!-- Regression Test -->
  </suite> <!-- Regression Suite -->
</testng-results>
